<?xml version="1.0" encoding="UTF-8"?>
<!-- Generated by org.testng.reporters.JUnitXMLReporter -->
<testsuite ignored="0" hostname="DESKTOP-5UB6L7F" failures="0" tests="6" name="Default test" time="10.107" errors="0" timestamp="2024-06-13T19:17:22 IST">
  <testcase classname="CreateToken" name="authToken" time="3.575"/>
  <testcase classname="CreateToken" name="createBooking" time="1.559"/>
  <testcase classname="CreateToken" name="getBooking" time="1.239"/>
  <testcase classname="CreateToken" name="updateBooking" time="1.231"/>
  <testcase classname="CreateToken" name="partialpdateBooking" time="1.263"/>
  <testcase classname="CreateToken" name="deleteBooking" time="1.173"/>
</testsuite> <!-- Default test -->
