<?xml version="1.0" encoding="UTF-8"?>
<testng-results ignored="0" total="6" passed="6" failed="0" skipped="0">
  <reporter-output>
  </reporter-output>
  <suite started-at="2024-06-13T19:17:12 IST" name="Default suite" finished-at="2024-06-13T19:17:22 IST" duration-ms="10107">
    <groups>
    </groups>
    <test started-at="2024-06-13T19:17:12 IST" name="Default test" finished-at="2024-06-13T19:17:22 IST" duration-ms="10107">
      <class name="CreateToken">
        <test-method signature="authToken()[pri:1, instance:CreateToken@8f4ea7c]" started-at="2024-06-13T19:17:12 IST" name="authToken" finished-at="2024-06-13T19:17:15 IST" duration-ms="3575" status="PASS">
          <reporter-output>
          </reporter-output>
        </test-method> <!-- authToken -->
        <test-method signature="createBooking()[pri:2, instance:CreateToken@8f4ea7c]" started-at="2024-06-13T19:17:15 IST" name="createBooking" finished-at="2024-06-13T19:17:17 IST" duration-ms="1559" status="PASS">
          <reporter-output>
          </reporter-output>
        </test-method> <!-- createBooking -->
        <test-method signature="getBooking()[pri:3, instance:CreateToken@8f4ea7c]" started-at="2024-06-13T19:17:17 IST" name="getBooking" finished-at="2024-06-13T19:17:18 IST" duration-ms="1239" status="PASS">
          <reporter-output>
          </reporter-output>
        </test-method> <!-- getBooking -->
        <test-method signature="updateBooking()[pri:4, instance:CreateToken@8f4ea7c]" started-at="2024-06-13T19:17:18 IST" name="updateBooking" finished-at="2024-06-13T19:17:19 IST" duration-ms="1231" status="PASS">
          <reporter-output>
          </reporter-output>
        </test-method> <!-- updateBooking -->
        <test-method signature="partialpdateBooking()[pri:5, instance:CreateToken@8f4ea7c]" started-at="2024-06-13T19:17:19 IST" name="partialpdateBooking" finished-at="2024-06-13T19:17:21 IST" duration-ms="1263" status="PASS">
          <reporter-output>
          </reporter-output>
        </test-method> <!-- partialpdateBooking -->
        <test-method signature="deleteBooking()[pri:6, instance:CreateToken@8f4ea7c]" started-at="2024-06-13T19:17:21 IST" name="deleteBooking" finished-at="2024-06-13T19:17:22 IST" duration-ms="1173" status="PASS">
          <reporter-output>
          </reporter-output>
        </test-method> <!-- deleteBooking -->
      </class> <!-- CreateToken -->
    </test> <!-- Default test -->
  </suite> <!-- Default suite -->
</testng-results>
