<?xml version="1.0" encoding="UTF-8"?>
<testng-results ignored="0" total="3" passed="3" failed="0" skipped="0">
  <reporter-output>
  </reporter-output>
  <suite started-at="2024-06-12T13:05:49 IST" name="Default suite" finished-at="2024-06-12T13:05:57 IST" duration-ms="8158">
    <groups>
    </groups>
    <test started-at="2024-06-12T13:05:49 IST" name="Default test" finished-at="2024-06-12T13:05:57 IST" duration-ms="8158">
      <class name="CreateToken">
        <test-method signature="authToken()[pri:0, instance:CreateToken@1d2adfbe]" started-at="2024-06-12T13:05:49 IST" name="authToken" finished-at="2024-06-12T13:05:53 IST" duration-ms="4298" status="PASS">
          <reporter-output>
          </reporter-output>
        </test-method> <!-- authToken -->
        <test-method signature="createBooking()[pri:0, instance:CreateToken@1d2adfbe]" started-at="2024-06-12T13:05:53 IST" name="createBooking" finished-at="2024-06-12T13:05:55 IST" duration-ms="2019" status="PASS">
          <reporter-output>
          </reporter-output>
        </test-method> <!-- createBooking -->
        <test-method signature="getBooking()[pri:0, instance:CreateToken@1d2adfbe]" started-at="2024-06-12T13:05:55 IST" name="getBooking" finished-at="2024-06-12T13:05:57 IST" duration-ms="1788" status="PASS">
          <reporter-output>
          </reporter-output>
        </test-method> <!-- getBooking -->
      </class> <!-- CreateToken -->
    </test> <!-- Default test -->
  </suite> <!-- Default suite -->
</testng-results>
